Using pre-set license
Built from '2021.3/staging' branch; Version is '2021.3.36f1 (7a0645017be0) revision 7996997'; Using compiler version '192829333'; Build Type 'Release'
OS: 'Windows 11  (10.0.22631) 64bit Professional' Language: 'ko' Physical Memory: 32577 MB
BatchMode: 1, IsHumanControllingUs: 0, StartBugReporterOnCrash: 0, Is64bit: 1, IsPro: 1

COMMAND LINE ARGUMENTS:
C:\Program Files\Unity\Hub\Editor\2021.3.36f1\Editor\Unity.exe
-adb2
-batchMode
-noUpm
-name
AssetImportWorker7
-projectPath
C:/Users/YohanNa/Downloads/XR-UXUI-main/XR-UXUI-main/My project (2)
-logFile
Logs/AssetImportWorker7.log
-srvPort
55582
Successfully changed project path to: C:/Users/YohanNa/Downloads/XR-UXUI-main/XR-UXUI-main/My project (2)
C:/Users/YohanNa/Downloads/XR-UXUI-main/XR-UXUI-main/My project (2)
[UnityMemory] Configuration Parameters - Can be set up in boot.config
    "memorysetup-bucket-allocator-granularity=16"
    "memorysetup-bucket-allocator-bucket-count=8"
    "memorysetup-bucket-allocator-block-size=33554432"
    "memorysetup-bucket-allocator-block-count=8"
    "memorysetup-main-allocator-block-size=16777216"
    "memorysetup-thread-allocator-block-size=16777216"
    "memorysetup-gfx-main-allocator-block-size=16777216"
    "memorysetup-gfx-thread-allocator-block-size=16777216"
    "memorysetup-cache-allocator-block-size=4194304"
    "memorysetup-typetree-allocator-block-size=2097152"
    "memorysetup-profiler-bucket-allocator-granularity=16"
    "memorysetup-profiler-bucket-allocator-bucket-count=8"
    "memorysetup-profiler-bucket-allocator-block-size=33554432"
    "memorysetup-profiler-bucket-allocator-block-count=8"
    "memorysetup-profiler-allocator-block-size=16777216"
    "memorysetup-profiler-editor-allocator-block-size=1048576"
    "memorysetup-temp-allocator-size-main=16777216"
    "memorysetup-job-temp-allocator-block-size=2097152"
    "memorysetup-job-temp-allocator-block-size-background=1048576"
    "memorysetup-job-temp-allocator-reduction-small-platforms=262144"
    "memorysetup-temp-allocator-size-background-worker=32768"
    "memorysetup-temp-allocator-size-job-worker=262144"
    "memorysetup-temp-allocator-size-preload-manager=33554432"
    "memorysetup-temp-allocator-size-nav-mesh-worker=65536"
    "memorysetup-temp-allocator-size-audio-worker=65536"
    "memorysetup-temp-allocator-size-cloud-worker=32768"
    "memorysetup-temp-allocator-size-gi-baking-worker=262144"
    "memorysetup-temp-allocator-size-gfx=262144"
Player connection [35556] Host "[IP] 112.170.16.50 [Port] 0 [Flags] 2 [Guid] 1756136267 [EditorId] 1756136267 [Version] 1048832 [Id] WindowsEditor(7,DESKTOP-HV7KI0S) [Debug] 1 [PackageName] WindowsEditor [ProjectName] Editor" joined multi-casting on [225.0.0.222:54997]...

Player connection [35556] Host "[IP] 112.170.16.50 [Port] 0 [Flags] 2 [Guid] 1756136267 [EditorId] 1756136267 [Version] 1048832 [Id] WindowsEditor(7,DESKTOP-HV7KI0S) [Debug] 1 [PackageName] WindowsEditor [ProjectName] Editor" joined alternative multi-casting on [225.0.0.222:34997]...

[Physics::Module] Initialized MultithreadedJobDispatcher with {0} workers.
Refreshing native plugins compatible for Editor in 69.78 ms, found 9 plugins.
Preloading 2 native plugins for Editor in 1.51 ms.
Initialize engine version: 2021.3.36f1 (7a0645017be0)
[Subsystems] Discovering subsystems at path C:/Program Files/Unity/Hub/Editor/2021.3.36f1/Editor/Data/Resources/UnitySubsystems
[Subsystems] Discovering subsystems at path C:/Users/YohanNa/Downloads/XR-UXUI-main/XR-UXUI-main/My project (2)/Assets
GfxDevice: creating device client; threaded=0; jobified=0
Direct3D:
    Version:  Direct3D 11.0 [level 11.1]
    Renderer: NVIDIA GeForce RTX 4090 (ID=0x2684)
    Vendor:   NVIDIA
    VRAM:     24142 MB
    Driver:   31.0.15.5244
Shader 'Oculus/OVRMRCameraFrameLit': fallback shader 'Alpha-Diffuse' not found
Initialize mono
Mono path[0] = 'C:/Program Files/Unity/Hub/Editor/2021.3.36f1/Editor/Data/Managed'
Mono path[1] = 'C:/Program Files/Unity/Hub/Editor/2021.3.36f1/Editor/Data/MonoBleedingEdge/lib/mono/unityjit-win32'
Mono config path = 'C:/Program Files/Unity/Hub/Editor/2021.3.36f1/Editor/Data/MonoBleedingEdge/etc'
Using monoOptions --debugger-agent=transport=dt_socket,embedding=1,server=y,suspend=n,address=127.0.0.1:56736
Begin MonoManager ReloadAssembly
Registering precompiled unity dll's ...
Register platform support module: C:/Program Files/Unity/Hub/Editor/2021.3.36f1/Editor/Data/PlaybackEngines/AndroidPlayer/UnityEditor.Android.Extensions.dll
Register platform support module: C:/Program Files/Unity/Hub/Editor/2021.3.36f1/Editor/Data/PlaybackEngines/iOSSupport/UnityEditor.iOS.Extensions.dll
Register platform support module: C:/Program Files/Unity/Hub/Editor/2021.3.36f1/Editor/Data/PlaybackEngines/WindowsStandaloneSupport/UnityEditor.WindowsStandalone.Extensions.dll
Registered in 0.003356 seconds.
Native extension for WindowsStandalone target not found
[usbmuxd] Start listen thread
[usbmuxd] Listen thread started
Native extension for iOS target not found
Native extension for Android target not found
Android Extension - Scanning For ADB Devices 162 ms
Refreshing native plugins compatible for Editor in 62.83 ms, found 9 plugins.
Preloading 2 native plugins for Editor in 0.10 ms.
Mono: successfully reloaded assembly
- Completed reload, in  0.566 seconds
Domain Reload Profiling:
	ReloadAssembly (566ms)
		BeginReloadAssembly (54ms)
			ExecutionOrderSort (0ms)
			DisableScriptedObjects (0ms)
			BackupInstance (0ms)
			ReleaseScriptingObjects (0ms)
			CreateAndSetChildDomain (0ms)
		EndReloadAssembly (459ms)
			LoadAssemblies (54ms)
			RebuildTransferFunctionScriptingTraits (0ms)
			SetupTypeCache (63ms)
			ReleaseScriptCaches (0ms)
			RebuildScriptCaches (16ms)
			SetupLoadedEditorAssemblies (356ms)
				LogAssemblyErrors (0ms)
				InitializePlatformSupportModulesInManaged (219ms)
				SetLoadedEditorAssemblies (0ms)
				RefreshPlugins (63ms)
				BeforeProcessingInitializeOnLoad (1ms)
				ProcessInitializeOnLoadAttributes (50ms)
				ProcessInitializeOnLoadMethodAttributes (23ms)
				AfterProcessingInitializeOnLoad (0ms)
				EditorAssembliesLoaded (0ms)
			ExecutionOrderSort2 (0ms)
			AwakeInstancesAfterBackupRestoration (0ms)
Platform modules already initialized, skipping
Registering precompiled user dll's ...
Registered in 0.003915 seconds.
Begin MonoManager ReloadAssembly
Native extension for WindowsStandalone target not found
Native extension for iOS target not found
Native extension for Android target not found
Refreshing native plugins compatible for Editor in 69.15 ms, found 9 plugins.
Preloading 2 native plugins for Editor in 0.07 ms.
Package Manager log level set to [2]
[Package Manager] Server::EnsureServerProcessIsRunning -- launch failed, reason: Unity was launched with the -noUpm command-line argument
[Package Manager] Cannot connect to Unity Package Manager local server
[Package Manager] Server::EnsureServerProcessIsRunning -- launch failed, reason: Unity was launched with the -noUpm command-line argument
[Package Manager] Cannot connect to Unity Package Manager local server
[Package Manager] Server::EnsureServerProcessIsRunning -- launch failed, reason: Unity was launched with the -noUpm command-line argument
[Package Manager] Cannot connect to Unity Package Manager local server
[XR] OculusXRPlugin: registering subsystems
[XR] Unable to register display lifecyle provider: [1]
[XR] Oculus Input lifecycle provider registered.
[XR] Unable to register input lifecyle provider: [1]
[XR] OVRP version 1.89.0
Mono: successfully reloaded assembly
- Completed reload, in  8.737 seconds
Domain Reload Profiling:
	ReloadAssembly (8738ms)
		BeginReloadAssembly (68ms)
			ExecutionOrderSort (0ms)
			DisableScriptedObjects (3ms)
			BackupInstance (0ms)
			ReleaseScriptingObjects (0ms)
			CreateAndSetChildDomain (11ms)
		EndReloadAssembly (8586ms)
			LoadAssemblies (6914ms)
			RebuildTransferFunctionScriptingTraits (0ms)
			SetupTypeCache (830ms)
			ReleaseScriptCaches (0ms)
			RebuildScriptCaches (52ms)
			SetupLoadedEditorAssemblies (768ms)
				LogAssemblyErrors (0ms)
				InitializePlatformSupportModulesInManaged (17ms)
				SetLoadedEditorAssemblies (0ms)
				RefreshPlugins (69ms)
				BeforeProcessingInitializeOnLoad (69ms)
				ProcessInitializeOnLoadAttributes (593ms)
				ProcessInitializeOnLoadMethodAttributes (16ms)
				AfterProcessingInitializeOnLoad (4ms)
				EditorAssembliesLoaded (0ms)
			ExecutionOrderSort2 (0ms)
			AwakeInstancesAfterBackupRestoration (5ms)
Platform modules already initialized, skipping
========================================================================
Worker process is ready to serve import requests
database is locked
Failed to delete database file Library/ShaderCache.db
Shader 'Oculus/OVRMRCameraFrameLit': fallback shader 'Alpha-Diffuse' not found
Launched and connected shader compiler UnityShaderCompiler.exe after 0.03 seconds
Refreshing native plugins compatible for Editor in 1.06 ms, found 9 plugins.
Preloading 2 native plugins for Editor in 0.11 ms.
Unloading 6192 Unused Serialized files (Serialized files now loaded: 0)
Unloading 62 unused Assets / (176.3 KB). Loaded Objects now: 6647.
Memory consumption went from 251.8 MB to 251.6 MB.
Total: 3.788900 ms (FindLiveObjects: 0.307200 ms CreateObjectMapping: 0.103800 ms MarkObjects: 3.259700 ms  DeleteObjects: 0.117400 ms)

AssetImportParameters requested are different than current active one (requested -> active):
  custom:video-decoder-ogg-theora: a1e56fd34408186e4bbccfd4996cb3dc -> 
  custom:container-muxer-webm: aa71ff27fc2769a1b78a27578f13a17b -> 
  custom:container-demuxer-webm: 4f35f7cbe854078d1ac9338744f61a02 -> 
  custom:video-encoder-webm-vp8: eb34c28f22e8b96e1ab97ce403110664 -> 
  custom:video-codec-MediaFoundation-h265: 746d11721c4dcdbdad8f713fa42b33f4 -> 
  custom:CustomObjectIndexerAttribute: bc11b3a6c3213fcdd17b65e7da85e133 -> 
  custom:audio-encoder-webm-vorbis: bf7c407c2cedff20999df2af8eb42d56 -> 
  custom:framework-win-MediaFoundation: 216162199b28c13a410421893ffa2e32 -> 
  custom:SearchIndexIgnoredProperties: e643bd26f0fe6173181afceb89e7c659 -> 
  custom:container-demuxer-ogg: 62fdf1f143b41e24485cea50d1cbac27 -> 
  custom:video-decoder-webm-vp8: 9c59270c3fd7afecdb556c50c9e8de78 -> 
  custom:audio-decoder-ogg-vorbis: bf7c407c2cedff20999df2af8eb42d56 -> 
========================================================================
Received Import Request.
  Time since last request: 407435.057221 seconds.
  path: Assets/Fantasy Forest Environment Free Sample/Meshes/Prefabs/grass01.prefab
  artifactKey: Guid(b48086d9f175aa34b947a21c8056c3d2) Importer(815301076,1909f56bfc062723c751e8b465ee728b)
Number of updated assets reloaded before import = 0
Start importing Assets/Fantasy Forest Environment Free Sample/Meshes/Prefabs/grass01.prefab using Guid(b48086d9f175aa34b947a21c8056c3d2) Importer(815301076,1909f56bfc062723c751e8b465ee728b)  -> (artifact id: '76ba77da7bb6333c797f1bf859ee14aa') in 0.165432 seconds 
Number of asset objects unloaded after import = 9
========================================================================
Received Import Request.
  Time since last request: 78.437041 seconds.
  path: Assets/Oculus/Interaction/OVRIntegration/Editor/Blocks/Interactors/Prefabs/[BB] Grab Interactor.prefab
  artifactKey: Guid(cd2af620b985a894881abfc004e150ec) Importer(815301076,1909f56bfc062723c751e8b465ee728b)
Number of updated assets reloaded before import = 0
Start importing Assets/Oculus/Interaction/OVRIntegration/Editor/Blocks/Interactors/Prefabs/[BB] Grab Interactor.prefab using Guid(cd2af620b985a894881abfc004e150ec) Importer(815301076,1909f56bfc062723c751e8b465ee728b)  -> (artifact id: '81d4b3844c05b19bae4f63ca77103fef') in 0.021104 seconds 
Number of asset objects unloaded after import = 43
========================================================================
Received Import Request.
  Time since last request: 0.000017 seconds.
  path: Assets/Oculus/Interaction/OVRIntegration/Editor/Blocks/Interactors/Prefabs/[BB] Hand Physics.prefab
  artifactKey: Guid(5fc002002ecb74800b33f4b96a147701) Importer(815301076,1909f56bfc062723c751e8b465ee728b)
Number of updated assets reloaded before import = 0
Start importing Assets/Oculus/Interaction/OVRIntegration/Editor/Blocks/Interactors/Prefabs/[BB] Hand Physics.prefab using Guid(5fc002002ecb74800b33f4b96a147701) Importer(815301076,1909f56bfc062723c751e8b465ee728b)  -> (artifact id: '066924e2fce50bcaca3c0657906675b2') in 0.007539 seconds 
Number of asset objects unloaded after import = 6
========================================================================
Received Import Request.
  Time since last request: 0.006334 seconds.
  path: Assets/Oculus/Interaction/OVRIntegration/Editor/Blocks/Interactors/Prefabs/[BB] Hand Ray.prefab
  artifactKey: Guid(ab143fb33d1c042989fb5b744cd67a2e) Importer(815301076,1909f56bfc062723c751e8b465ee728b)
Number of updated assets reloaded before import = 0
Start importing Assets/Oculus/Interaction/OVRIntegration/Editor/Blocks/Interactors/Prefabs/[BB] Hand Ray.prefab using Guid(ab143fb33d1c042989fb5b744cd67a2e) Importer(815301076,1909f56bfc062723c751e8b465ee728b)  -> (artifact id: 'f493e41c4afb91571027c38ec74b6643') in 0.068635 seconds 
Number of asset objects unloaded after import = 46
========================================================================
Received Import Request.
  Time since last request: 0.000012 seconds.
  path: Assets/Oculus/Interaction/OVRIntegration/Editor/Blocks/Interactions/Prefabs/[BB] Interactions.prefab
  artifactKey: Guid(7652d8eea2e03a44d9bf9fa63eed745b) Importer(815301076,1909f56bfc062723c751e8b465ee728b)
Number of updated assets reloaded before import = 0
Start importing Assets/Oculus/Interaction/OVRIntegration/Editor/Blocks/Interactions/Prefabs/[BB] Interactions.prefab using Guid(7652d8eea2e03a44d9bf9fa63eed745b) Importer(815301076,1909f56bfc062723c751e8b465ee728b)  -> (artifact id: '3aa7ab4f6cef6f8f9a5cfcc861703c21') in 0.008649 seconds 
Number of asset objects unloaded after import = 12
========================================================================
Received Import Request.
  Time since last request: 0.000012 seconds.
  path: Assets/Oculus/Interaction/OVRIntegration/Editor/Blocks/Interactors/Prefabs/[BB] Hand Poke.prefab
  artifactKey: Guid(62a3c5a0973fc4f48a1039ab80b76232) Importer(815301076,1909f56bfc062723c751e8b465ee728b)
Number of updated assets reloaded before import = 0
Start importing Assets/Oculus/Interaction/OVRIntegration/Editor/Blocks/Interactors/Prefabs/[BB] Hand Poke.prefab using Guid(62a3c5a0973fc4f48a1039ab80b76232) Importer(815301076,1909f56bfc062723c751e8b465ee728b)  -> (artifact id: 'ef053e180bc18c21c129d5e35faa3d6c') in 0.007557 seconds 
Number of asset objects unloaded after import = 18
========================================================================
Received Import Request.
  Time since last request: 0.000012 seconds.
  path: Assets/Oculus/Interaction/OVRIntegration/Editor/Blocks/InteractableItems/Prefabs/[BB] Grabbable Cube.prefab
  artifactKey: Guid(5cff07deb8a11467d99f87d7fc969bdd) Importer(815301076,1909f56bfc062723c751e8b465ee728b)
Number of updated assets reloaded before import = 0
Start importing Assets/Oculus/Interaction/OVRIntegration/Editor/Blocks/InteractableItems/Prefabs/[BB] Grabbable Cube.prefab using Guid(5cff07deb8a11467d99f87d7fc969bdd) Importer(815301076,1909f56bfc062723c751e8b465ee728b)  -> (artifact id: 'b5ab3a86431d48c805937fa77f374fc3') in 0.014852 seconds 
Number of asset objects unloaded after import = 10
========================================================================
Received Import Request.
  Time since last request: 0.000015 seconds.
  path: Assets/Oculus/Interaction/OVRIntegration/Editor/Blocks/HandTracking/Prefabs/[BB] Hands.prefab
  artifactKey: Guid(44ed1c64fbd105143bff979a6c52c4d6) Importer(815301076,1909f56bfc062723c751e8b465ee728b)
Number of updated assets reloaded before import = 0
Start importing Assets/Oculus/Interaction/OVRIntegration/Editor/Blocks/HandTracking/Prefabs/[BB] Hands.prefab using Guid(44ed1c64fbd105143bff979a6c52c4d6) Importer(815301076,1909f56bfc062723c751e8b465ee728b)  -> (artifact id: '799516086bcba83e467efccb7e5ecc9c') in 0.008819 seconds 
Number of asset objects unloaded after import = 33
========================================================================
Received Import Request.
  Time since last request: 0.680605 seconds.
  path: Assets/Oculus/Interaction/OVRIntegration/Editor/Blocks/InteractableItems/Prefabs/[BB] Pointable Cube.prefab
  artifactKey: Guid(09afcf33928494372befbc553eb0fc43) Importer(815301076,1909f56bfc062723c751e8b465ee728b)
Number of updated assets reloaded before import = 0
Start importing Assets/Oculus/Interaction/OVRIntegration/Editor/Blocks/InteractableItems/Prefabs/[BB] Pointable Cube.prefab using Guid(09afcf33928494372befbc553eb0fc43) Importer(815301076,1909f56bfc062723c751e8b465ee728b)  -> (artifact id: 'ac2428360f2d19534dfdf34e428ce26f') in 0.017431 seconds 
Number of asset objects unloaded after import = 12
========================================================================
Received Import Request.
  Time since last request: 0.024140 seconds.
  path: Assets/Oculus/Interaction/OVRIntegration/Editor/Blocks/InteractableItems/Prefabs/[BB] Pokeable Plane.prefab
  artifactKey: Guid(7aec9913f7f564a05883130bcdaf2347) Importer(815301076,1909f56bfc062723c751e8b465ee728b)
Number of updated assets reloaded before import = 0
Start importing Assets/Oculus/Interaction/OVRIntegration/Editor/Blocks/InteractableItems/Prefabs/[BB] Pokeable Plane.prefab using Guid(7aec9913f7f564a05883130bcdaf2347) Importer(815301076,1909f56bfc062723c751e8b465ee728b)  -> (artifact id: 'b39033cedba0b78a3d0328df2cf99052') in 0.089093 seconds 
Number of asset objects unloaded after import = 23
========================================================================
Received Import Request.
  Time since last request: 1.694622 seconds.
  path: Assets/Oculus/Interaction/Runtime/Prefabs/Debug/ActiveStateDebugTreeNodeHorizontal.prefab
  artifactKey: Guid(bcb4af79d88c4af4a90fb6e19de13e70) Importer(815301076,1909f56bfc062723c751e8b465ee728b)
Number of updated assets reloaded before import = 0
Start importing Assets/Oculus/Interaction/Runtime/Prefabs/Debug/ActiveStateDebugTreeNodeHorizontal.prefab using Guid(bcb4af79d88c4af4a90fb6e19de13e70) Importer(815301076,1909f56bfc062723c751e8b465ee728b)  -> (artifact id: '8c991bcf93cb504eedd6d169b8e65efc') in 0.015193 seconds 
Number of asset objects unloaded after import = 29
========================================================================
Received Import Request.
  Time since last request: 0.000015 seconds.
  path: Assets/Oculus/Interaction/Runtime/Prefabs/Debug/ActiveStateDebugTreeNodeVertical.prefab
  artifactKey: Guid(e1bdcfaab96307149a62e5c148b5ced1) Importer(815301076,1909f56bfc062723c751e8b465ee728b)
Number of updated assets reloaded before import = 0
Start importing Assets/Oculus/Interaction/Runtime/Prefabs/Debug/ActiveStateDebugTreeNodeVertical.prefab using Guid(e1bdcfaab96307149a62e5c148b5ced1) Importer(815301076,1909f56bfc062723c751e8b465ee728b)  -> (artifact id: '1b89a901ba144e8e8f5883eea10c0f38') in 0.008051 seconds 
Number of asset objects unloaded after import = 38
========================================================================
Received Import Request.
  Time since last request: 0.000012 seconds.
  path: Assets/Oculus/Interaction/Runtime/Prefabs/Debug/InteractorDebugTree.prefab
  artifactKey: Guid(8da18141259c1ac41ad389e154fbe863) Importer(815301076,1909f56bfc062723c751e8b465ee728b)
Number of updated assets reloaded before import = 0
Start importing Assets/Oculus/Interaction/Runtime/Prefabs/Debug/InteractorDebugTree.prefab using Guid(8da18141259c1ac41ad389e154fbe863) Importer(815301076,1909f56bfc062723c751e8b465ee728b)  -> (artifact id: '7b0137ae2145068d01eb895f052e20c0') in 0.009841 seconds 
Number of asset objects unloaded after import = 54
========================================================================
Received Import Request.
  Time since last request: 1.417739 seconds.
  path: Assets/ASTROFISH_GAMES/MEDIEVAL_SERIES/MEDIEVAL_WELLS_PROPS/PREFABS/Singles/MVillage_TreeTrunk_02.prefab
  artifactKey: Guid(759b5cb0ebdb994419ded7a1ad5b2cec) Importer(815301076,1909f56bfc062723c751e8b465ee728b)
Number of updated assets reloaded before import = 0
Start importing Assets/ASTROFISH_GAMES/MEDIEVAL_SERIES/MEDIEVAL_WELLS_PROPS/PREFABS/Singles/MVillage_TreeTrunk_02.prefab using Guid(759b5cb0ebdb994419ded7a1ad5b2cec) Importer(815301076,1909f56bfc062723c751e8b465ee728b)  -> (artifact id: '5b13a6250682024ddcb7fb9654e62bb0') in 0.578357 seconds 
Number of asset objects unloaded after import = 38
========================================================================
Received Import Request.
  Time since last request: 0.000014 seconds.
  path: Assets/ASTROFISH_GAMES/MEDIEVAL_SERIES/MEDIEVAL_WELLS_PROPS/PREFABS/Singles/MVillage_TreeTrunk_03.prefab
  artifactKey: Guid(18a5dc24a73cc7e48bf38b7dc7618ece) Importer(815301076,1909f56bfc062723c751e8b465ee728b)
Number of updated assets reloaded before import = 0
Start importing Assets/ASTROFISH_GAMES/MEDIEVAL_SERIES/MEDIEVAL_WELLS_PROPS/PREFABS/Singles/MVillage_TreeTrunk_03.prefab using Guid(18a5dc24a73cc7e48bf38b7dc7618ece) Importer(815301076,1909f56bfc062723c751e8b465ee728b)  -> (artifact id: 'd4746c4a99c62316e58277ed6781fe7d') in 0.204317 seconds 
Number of asset objects unloaded after import = 38
========================================================================
Received Import Request.
  Time since last request: 0.000024 seconds.
  path: Assets/ASTROFISH_GAMES/MEDIEVAL_SERIES/MEDIEVAL_WELLS_PROPS/PREFABS/Singles/MVillage_TreeTrunk_05.prefab
  artifactKey: Guid(064d5eea756812a4faa56614d9c3d46d) Importer(815301076,1909f56bfc062723c751e8b465ee728b)
Number of updated assets reloaded before import = 0
Start importing Assets/ASTROFISH_GAMES/MEDIEVAL_SERIES/MEDIEVAL_WELLS_PROPS/PREFABS/Singles/MVillage_TreeTrunk_05.prefab using Guid(064d5eea756812a4faa56614d9c3d46d) Importer(815301076,1909f56bfc062723c751e8b465ee728b)  -> (artifact id: '857a8bc409a7619b2b0634f4deac44ed') in 0.476735 seconds 
Number of asset objects unloaded after import = 41
Editor requested this worker to shutdown with reason: Scaling down because of idle timeout
AssetImportWorkerClient::OnTransportError - code=2 error=End of file
AssetImportWorker is now disconnected from the server
Process exiting
Exiting without the bug reporter. Application will terminate with return code 0