Using pre-set license
Built from '2021.3/staging' branch; Version is '2021.3.36f1 (7a0645017be0) revision 7996997'; Using compiler version '192829333'; Build Type 'Release'
OS: 'Windows 11  (10.0.22631) 64bit Professional' Language: 'ko' Physical Memory: 32577 MB
BatchMode: 1, IsHumanControllingUs: 0, StartBugReporterOnCrash: 0, Is64bit: 1, IsPro: 1

COMMAND LINE ARGUMENTS:
C:\Program Files\Unity\Hub\Editor\2021.3.36f1\Editor\Unity.exe
-adb2
-batchMode
-noUpm
-name
AssetImportWorker3
-projectPath
C:/Users/YohanNa/Downloads/XR-UXUI-main/XR-UXUI-main/My project (2)
-logFile
Logs/AssetImportWorker3.log
-srvPort
55582
Successfully changed project path to: C:/Users/YohanNa/Downloads/XR-UXUI-main/XR-UXUI-main/My project (2)
C:/Users/YohanNa/Downloads/XR-UXUI-main/XR-UXUI-main/My project (2)
[UnityMemory] Configuration Parameters - Can be set up in boot.config
    "memorysetup-bucket-allocator-granularity=16"
    "memorysetup-bucket-allocator-bucket-count=8"
    "memorysetup-bucket-allocator-block-size=33554432"
    "memorysetup-bucket-allocator-block-count=8"
    "memorysetup-main-allocator-block-size=16777216"
    "memorysetup-thread-allocator-block-size=16777216"
    "memorysetup-gfx-main-allocator-block-size=16777216"
    "memorysetup-gfx-thread-allocator-block-size=16777216"
    "memorysetup-cache-allocator-block-size=4194304"
    "memorysetup-typetree-allocator-block-size=2097152"
    "memorysetup-profiler-bucket-allocator-granularity=16"
    "memorysetup-profiler-bucket-allocator-bucket-count=8"
    "memorysetup-profiler-bucket-allocator-block-size=33554432"
    "memorysetup-profiler-bucket-allocator-block-count=8"
    "memorysetup-profiler-allocator-block-size=16777216"
    "memorysetup-profiler-editor-allocator-block-size=1048576"
    "memorysetup-temp-allocator-size-main=16777216"
    "memorysetup-job-temp-allocator-block-size=2097152"
    "memorysetup-job-temp-allocator-block-size-background=1048576"
    "memorysetup-job-temp-allocator-reduction-small-platforms=262144"
    "memorysetup-temp-allocator-size-background-worker=32768"
    "memorysetup-temp-allocator-size-job-worker=262144"
    "memorysetup-temp-allocator-size-preload-manager=33554432"
    "memorysetup-temp-allocator-size-nav-mesh-worker=65536"
    "memorysetup-temp-allocator-size-audio-worker=65536"
    "memorysetup-temp-allocator-size-cloud-worker=32768"
    "memorysetup-temp-allocator-size-gi-baking-worker=262144"
    "memorysetup-temp-allocator-size-gfx=262144"
Player connection [31880] Host "[IP] 112.170.16.50 [Port] 0 [Flags] 2 [Guid] 5750858 [EditorId] 5750858 [Version] 1048832 [Id] WindowsEditor(7,DESKTOP-HV7KI0S) [Debug] 1 [PackageName] WindowsEditor [ProjectName] Editor" joined multi-casting on [225.0.0.222:54997]...

Player connection [31880] Host "[IP] 112.170.16.50 [Port] 0 [Flags] 2 [Guid] 5750858 [EditorId] 5750858 [Version] 1048832 [Id] WindowsEditor(7,DESKTOP-HV7KI0S) [Debug] 1 [PackageName] WindowsEditor [ProjectName] Editor" joined alternative multi-casting on [225.0.0.222:34997]...

[Physics::Module] Initialized MultithreadedJobDispatcher with {0} workers.
Refreshing native plugins compatible for Editor in 77.14 ms, found 9 plugins.
Preloading 2 native plugins for Editor in 1.46 ms.
Initialize engine version: 2021.3.36f1 (7a0645017be0)
[Subsystems] Discovering subsystems at path C:/Program Files/Unity/Hub/Editor/2021.3.36f1/Editor/Data/Resources/UnitySubsystems
[Subsystems] Discovering subsystems at path C:/Users/YohanNa/Downloads/XR-UXUI-main/XR-UXUI-main/My project (2)/Assets
GfxDevice: creating device client; threaded=0; jobified=0
Direct3D:
    Version:  Direct3D 11.0 [level 11.1]
    Renderer: NVIDIA GeForce RTX 4090 (ID=0x2684)
    Vendor:   NVIDIA
    VRAM:     24142 MB
    Driver:   31.0.15.5244
Shader 'Oculus/OVRMRCameraFrameLit': fallback shader 'Alpha-Diffuse' not found
Initialize mono
Mono path[0] = 'C:/Program Files/Unity/Hub/Editor/2021.3.36f1/Editor/Data/Managed'
Mono path[1] = 'C:/Program Files/Unity/Hub/Editor/2021.3.36f1/Editor/Data/MonoBleedingEdge/lib/mono/unityjit-win32'
Mono config path = 'C:/Program Files/Unity/Hub/Editor/2021.3.36f1/Editor/Data/MonoBleedingEdge/etc'
Using monoOptions --debugger-agent=transport=dt_socket,embedding=1,server=y,suspend=n,address=127.0.0.1:56708
Begin MonoManager ReloadAssembly
Registering precompiled unity dll's ...
Register platform support module: C:/Program Files/Unity/Hub/Editor/2021.3.36f1/Editor/Data/PlaybackEngines/AndroidPlayer/UnityEditor.Android.Extensions.dll
Register platform support module: C:/Program Files/Unity/Hub/Editor/2021.3.36f1/Editor/Data/PlaybackEngines/iOSSupport/UnityEditor.iOS.Extensions.dll
Register platform support module: C:/Program Files/Unity/Hub/Editor/2021.3.36f1/Editor/Data/PlaybackEngines/WindowsStandaloneSupport/UnityEditor.WindowsStandalone.Extensions.dll
Registered in 0.003101 seconds.
Native extension for WindowsStandalone target not found
[usbmuxd] Start listen thread
[usbmuxd] Listen thread started
Native extension for iOS target not found
Native extension for Android target not found
Android Extension - Scanning For ADB Devices 126 ms
Refreshing native plugins compatible for Editor in 62.68 ms, found 9 plugins.
Preloading 2 native plugins for Editor in 0.10 ms.
Mono: successfully reloaded assembly
- Completed reload, in  0.505 seconds
Domain Reload Profiling:
	ReloadAssembly (505ms)
		BeginReloadAssembly (51ms)
			ExecutionOrderSort (0ms)
			DisableScriptedObjects (0ms)
			BackupInstance (0ms)
			ReleaseScriptingObjects (0ms)
			CreateAndSetChildDomain (0ms)
		EndReloadAssembly (406ms)
			LoadAssemblies (50ms)
			RebuildTransferFunctionScriptingTraits (0ms)
			SetupTypeCache (56ms)
			ReleaseScriptCaches (0ms)
			RebuildScriptCaches (15ms)
			SetupLoadedEditorAssemblies (313ms)
				LogAssemblyErrors (0ms)
				InitializePlatformSupportModulesInManaged (180ms)
				SetLoadedEditorAssemblies (0ms)
				RefreshPlugins (63ms)
				BeforeProcessingInitializeOnLoad (1ms)
				ProcessInitializeOnLoadAttributes (49ms)
				ProcessInitializeOnLoadMethodAttributes (21ms)
				AfterProcessingInitializeOnLoad (0ms)
				EditorAssembliesLoaded (0ms)
			ExecutionOrderSort2 (0ms)
			AwakeInstancesAfterBackupRestoration (0ms)
Platform modules already initialized, skipping
Registering precompiled user dll's ...
Registered in 0.003332 seconds.
Begin MonoManager ReloadAssembly
Native extension for WindowsStandalone target not found
Native extension for iOS target not found
Native extension for Android target not found
Refreshing native plugins compatible for Editor in 61.64 ms, found 9 plugins.
Preloading 2 native plugins for Editor in 0.10 ms.
Package Manager log level set to [2]
[Package Manager] Server::EnsureServerProcessIsRunning -- launch failed, reason: Unity was launched with the -noUpm command-line argument
[Package Manager] Cannot connect to Unity Package Manager local server
[Package Manager] Server::EnsureServerProcessIsRunning -- launch failed, reason: Unity was launched with the -noUpm command-line argument
[Package Manager] Cannot connect to Unity Package Manager local server
[Package Manager] Server::EnsureServerProcessIsRunning -- launch failed, reason: Unity was launched with the -noUpm command-line argument
[Package Manager] Cannot connect to Unity Package Manager local server
[XR] OculusXRPlugin: registering subsystems
[XR] Unable to register display lifecyle provider: [1]
[XR] Oculus Input lifecycle provider registered.
[XR] Unable to register input lifecyle provider: [1]
[XR] OVRP version 1.89.0
Mono: successfully reloaded assembly
- Completed reload, in  1.090 seconds
Domain Reload Profiling:
	ReloadAssembly (1090ms)
		BeginReloadAssembly (66ms)
			ExecutionOrderSort (0ms)
			DisableScriptedObjects (3ms)
			BackupInstance (0ms)
			ReleaseScriptingObjects (0ms)
			CreateAndSetChildDomain (11ms)
		EndReloadAssembly (970ms)
			LoadAssemblies (61ms)
			RebuildTransferFunctionScriptingTraits (0ms)
			SetupTypeCache (170ms)
			ReleaseScriptCaches (0ms)
			RebuildScriptCaches (46ms)
			SetupLoadedEditorAssemblies (679ms)
				LogAssemblyErrors (0ms)
				InitializePlatformSupportModulesInManaged (15ms)
				SetLoadedEditorAssemblies (0ms)
				RefreshPlugins (62ms)
				BeforeProcessingInitializeOnLoad (62ms)
				ProcessInitializeOnLoadAttributes (523ms)
				ProcessInitializeOnLoadMethodAttributes (14ms)
				AfterProcessingInitializeOnLoad (3ms)
				EditorAssembliesLoaded (0ms)
			ExecutionOrderSort2 (0ms)
			AwakeInstancesAfterBackupRestoration (3ms)
Platform modules already initialized, skipping
========================================================================
Worker process is ready to serve import requests
Shader 'Oculus/OVRMRCameraFrameLit': fallback shader 'Alpha-Diffuse' not found
Launched and connected shader compiler UnityShaderCompiler.exe after 0.02 seconds
Refreshing native plugins compatible for Editor in 1.32 ms, found 9 plugins.
Preloading 2 native plugins for Editor in 0.08 ms.
Unloading 6192 Unused Serialized files (Serialized files now loaded: 0)
Unloading 62 unused Assets / (176.0 KB). Loaded Objects now: 6643.
Memory consumption went from 251.4 MB to 251.2 MB.
Total: 2.776500 ms (FindLiveObjects: 0.270600 ms CreateObjectMapping: 0.092300 ms MarkObjects: 2.281600 ms  DeleteObjects: 0.131400 ms)

AssetImportParameters requested are different than current active one (requested -> active):
  custom:video-decoder-ogg-theora: a1e56fd34408186e4bbccfd4996cb3dc -> 
  custom:container-muxer-webm: aa71ff27fc2769a1b78a27578f13a17b -> 
  custom:container-demuxer-webm: 4f35f7cbe854078d1ac9338744f61a02 -> 
  custom:video-encoder-webm-vp8: eb34c28f22e8b96e1ab97ce403110664 -> 
  custom:video-codec-MediaFoundation-h265: 746d11721c4dcdbdad8f713fa42b33f4 -> 
  custom:CustomObjectIndexerAttribute: bc11b3a6c3213fcdd17b65e7da85e133 -> 
  custom:audio-encoder-webm-vorbis: bf7c407c2cedff20999df2af8eb42d56 -> 
  custom:framework-win-MediaFoundation: 216162199b28c13a410421893ffa2e32 -> 
  custom:SearchIndexIgnoredProperties: e643bd26f0fe6173181afceb89e7c659 -> 
  custom:container-demuxer-ogg: 62fdf1f143b41e24485cea50d1cbac27 -> 
  custom:video-decoder-webm-vp8: 9c59270c3fd7afecdb556c50c9e8de78 -> 
  custom:audio-decoder-ogg-vorbis: bf7c407c2cedff20999df2af8eb42d56 -> 
========================================================================
Received Import Request.
  Time since last request: 407089.931082 seconds.
  path: Assets/Fantasy Forest Environment Free Sample/Materials/dirt01.mat
  artifactKey: Guid(02f626fd2f11216458890862c5864d34) Importer(815301076,1909f56bfc062723c751e8b465ee728b)
Number of updated assets reloaded before import = 0
Start importing Assets/Fantasy Forest Environment Free Sample/Materials/dirt01.mat using Guid(02f626fd2f11216458890862c5864d34) Importer(815301076,1909f56bfc062723c751e8b465ee728b)  -> (artifact id: '2c4920b48ae70e72e0e9da0d42d63ac9') in 0.206722 seconds 
Number of asset objects unloaded after import = 2
========================================================================
Received Import Request.
  Time since last request: 0.000018 seconds.
  path: Assets/Fantasy Forest Environment Free Sample/Materials/grassmesh.mat
  artifactKey: Guid(0666ed421e3d1f146a986f726e7354c1) Importer(815301076,1909f56bfc062723c751e8b465ee728b)
Number of updated assets reloaded before import = 0
Start importing Assets/Fantasy Forest Environment Free Sample/Materials/grassmesh.mat using Guid(0666ed421e3d1f146a986f726e7354c1) Importer(815301076,1909f56bfc062723c751e8b465ee728b)  -> (artifact id: 'd15cba5e2fe69071e749f95ffebee102') in 0.016241 seconds 
Number of asset objects unloaded after import = 2
========================================================================
Received Import Request.
  Time since last request: 0.000018 seconds.
  path: Assets/Fantasy Forest Environment Free Sample/Materials/grass01.mat
  artifactKey: Guid(40e69315dc8bd0b45be8bf7143248fba) Importer(815301076,1909f56bfc062723c751e8b465ee728b)
Number of updated assets reloaded before import = 0
Start importing Assets/Fantasy Forest Environment Free Sample/Materials/grass01.mat using Guid(40e69315dc8bd0b45be8bf7143248fba) Importer(815301076,1909f56bfc062723c751e8b465ee728b)  -> (artifact id: '794df713f445dad02df1e7bb1ff01c7b') in 0.016992 seconds 
Number of asset objects unloaded after import = 2
========================================================================
Received Import Request.
  Time since last request: 7.300079 seconds.
  path: Assets/ASTROFISH_GAMES/MEDIEVAL_SERIES/MEDIEVAL_WELLS_PROPS/MATS/MVillage_WellsProps_Albedo.tif
  artifactKey: Guid(690f0d13941dc1d409b9beb42be7b97e) Importer(815301076,1909f56bfc062723c751e8b465ee728b)
Number of updated assets reloaded before import = 0
Start importing Assets/ASTROFISH_GAMES/MEDIEVAL_SERIES/MEDIEVAL_WELLS_PROPS/MATS/MVillage_WellsProps_Albedo.tif using Guid(690f0d13941dc1d409b9beb42be7b97e) Importer(815301076,1909f56bfc062723c751e8b465ee728b)  -> (artifact id: '68408b70618e1f88b55fa72a91d32dec') in 0.144933 seconds 
Number of asset objects unloaded after import = 2
========================================================================
Received Import Request.
  Time since last request: 0.000015 seconds.
  path: Assets/ASTROFISH_GAMES/MEDIEVAL_SERIES/MEDIEVAL_WELLS_PROPS/MATS/MVillage_WellsProps_Normal.tif
  artifactKey: Guid(d1aa062cb36f47b4daf9e6a4f154343f) Importer(815301076,1909f56bfc062723c751e8b465ee728b)
Number of updated assets reloaded before import = 0
Start importing Assets/ASTROFISH_GAMES/MEDIEVAL_SERIES/MEDIEVAL_WELLS_PROPS/MATS/MVillage_WellsProps_Normal.tif using Guid(d1aa062cb36f47b4daf9e6a4f154343f) Importer(815301076,1909f56bfc062723c751e8b465ee728b)  -> (artifact id: '216634f574695d421d5bbbff2bbd045b') in 0.091817 seconds 
Number of asset objects unloaded after import = 2
========================================================================
Received Import Request.
  Time since last request: 0.000024 seconds.
  path: Assets/ASTROFISH_GAMES/MEDIEVAL_SERIES/MEDIEVAL_WELLS_PROPS/MATS/MVillage_WellsProps_MRAO.tif
  artifactKey: Guid(d7cd358841db9f443bb177e81f037308) Importer(815301076,1909f56bfc062723c751e8b465ee728b)
Number of updated assets reloaded before import = 0
Start importing Assets/ASTROFISH_GAMES/MEDIEVAL_SERIES/MEDIEVAL_WELLS_PROPS/MATS/MVillage_WellsProps_MRAO.tif using Guid(d7cd358841db9f443bb177e81f037308) Importer(815301076,1909f56bfc062723c751e8b465ee728b)  -> (artifact id: '22c2b5b93a607f3030d432322b8f20fc') in 0.056552 seconds 
Number of asset objects unloaded after import = 2
========================================================================
Received Import Request.
  Time since last request: 0.000013 seconds.
  path: Assets/ASTROFISH_GAMES/MEDIEVAL_SERIES/MEDIEVAL_WELLS_PROPS/MATS/MVillage_WellsProps_AO.tif
  artifactKey: Guid(21e09480bf7ebd845b9dba780a734616) Importer(815301076,1909f56bfc062723c751e8b465ee728b)
Number of updated assets reloaded before import = 0
Start importing Assets/ASTROFISH_GAMES/MEDIEVAL_SERIES/MEDIEVAL_WELLS_PROPS/MATS/MVillage_WellsProps_AO.tif using Guid(21e09480bf7ebd845b9dba780a734616) Importer(815301076,1909f56bfc062723c751e8b465ee728b)  -> (artifact id: '897df7ad77448f249b121d0d232b3614') in 0.041796 seconds 
Number of asset objects unloaded after import = 2
========================================================================
Received Import Request.
  Time since last request: 3.640245 seconds.
  path: Assets/ASTROFISH_GAMES/MEDIEVAL_SERIES/MEDIEVAL_WELLS_PROPS/MODELS/MVillage_BucketHandle.FBX
  artifactKey: Guid(46e2c2cda6ea32d4281f6cb5ba51d074) Importer(815301076,1909f56bfc062723c751e8b465ee728b)
Number of updated assets reloaded before import = 0
Start importing Assets/ASTROFISH_GAMES/MEDIEVAL_SERIES/MEDIEVAL_WELLS_PROPS/MODELS/MVillage_BucketHandle.FBX using Guid(46e2c2cda6ea32d4281f6cb5ba51d074) Importer(815301076,1909f56bfc062723c751e8b465ee728b)  -> (artifact id: '97419eb6f6c8152a25649cf498161520') in 0.064032 seconds 
Number of asset objects unloaded after import = 21
========================================================================
Received Import Request.
  Time since last request: 0.000014 seconds.
  path: Assets/ASTROFISH_GAMES/MEDIEVAL_SERIES/MEDIEVAL_WELLS_PROPS/MODELS/MVillage_TreeTrunk_05.FBX
  artifactKey: Guid(557d9b4b5e6ccb249a7268b76029214a) Importer(815301076,1909f56bfc062723c751e8b465ee728b)
Number of updated assets reloaded before import = 0
Start importing Assets/ASTROFISH_GAMES/MEDIEVAL_SERIES/MEDIEVAL_WELLS_PROPS/MODELS/MVillage_TreeTrunk_05.FBX using Guid(557d9b4b5e6ccb249a7268b76029214a) Importer(815301076,1909f56bfc062723c751e8b465ee728b)  -> (artifact id: '65e4fcb69519aac5274d4e02fb99a38a') in 0.025537 seconds 
Number of asset objects unloaded after import = 21
========================================================================
Received Import Request.
  Time since last request: 0.000012 seconds.
  path: Assets/ASTROFISH_GAMES/MEDIEVAL_SERIES/MEDIEVAL_WELLS_PROPS/MODELS/MVillage_WellWall_02_Curved.FBX
  artifactKey: Guid(f0c49c31a30fb594bb4194d1a93d7963) Importer(815301076,1909f56bfc062723c751e8b465ee728b)
Number of updated assets reloaded before import = 0
Start importing Assets/ASTROFISH_GAMES/MEDIEVAL_SERIES/MEDIEVAL_WELLS_PROPS/MODELS/MVillage_WellWall_02_Curved.FBX using Guid(f0c49c31a30fb594bb4194d1a93d7963) Importer(815301076,1909f56bfc062723c751e8b465ee728b)  -> (artifact id: 'c7549b942493370b9ae638f1cf63ffc3') in 0.071556 seconds 
Number of asset objects unloaded after import = 22
========================================================================
Received Import Request.
  Time since last request: 0.000013 seconds.
  path: Assets/ASTROFISH_GAMES/MEDIEVAL_SERIES/MEDIEVAL_WELLS_PROPS/MODELS/MVillage_WellWall_01.FBX
  artifactKey: Guid(20fa86f131f49e64884b9349d3609019) Importer(815301076,1909f56bfc062723c751e8b465ee728b)
Number of updated assets reloaded before import = 0
Start importing Assets/ASTROFISH_GAMES/MEDIEVAL_SERIES/MEDIEVAL_WELLS_PROPS/MODELS/MVillage_WellWall_01.FBX using Guid(20fa86f131f49e64884b9349d3609019) Importer(815301076,1909f56bfc062723c751e8b465ee728b)  -> (artifact id: '8e0f3352dda1c54f66227883e2e7c016') in 0.025141 seconds 
Number of asset objects unloaded after import = 21
========================================================================
Received Import Request.
  Time since last request: 0.000019 seconds.
  path: Assets/ASTROFISH_GAMES/MEDIEVAL_SERIES/MEDIEVAL_WELLS_PROPS/MODELS/MVillage_WellWall_02_Half_A.FBX
  artifactKey: Guid(64704a1d382b6cc4f8a807ab4cf6a81b) Importer(815301076,1909f56bfc062723c751e8b465ee728b)
Number of updated assets reloaded before import = 0
Start importing Assets/ASTROFISH_GAMES/MEDIEVAL_SERIES/MEDIEVAL_WELLS_PROPS/MODELS/MVillage_WellWall_02_Half_A.FBX using Guid(64704a1d382b6cc4f8a807ab4cf6a81b) Importer(815301076,1909f56bfc062723c751e8b465ee728b)  -> (artifact id: 'a4a567547207400384b199bafd055ce7') in 0.028441 seconds 
Number of asset objects unloaded after import = 21
========================================================================
Received Import Request.
  Time since last request: 0.000012 seconds.
  path: Assets/ASTROFISH_GAMES/MEDIEVAL_SERIES/MEDIEVAL_WELLS_PROPS/MODELS/MVillage_CoinGroup_Med.FBX
  artifactKey: Guid(001bb4dffca1ab7499d04138f0ebf9af) Importer(815301076,1909f56bfc062723c751e8b465ee728b)
Number of updated assets reloaded before import = 0
Start importing Assets/ASTROFISH_GAMES/MEDIEVAL_SERIES/MEDIEVAL_WELLS_PROPS/MODELS/MVillage_CoinGroup_Med.FBX using Guid(001bb4dffca1ab7499d04138f0ebf9af) Importer(815301076,1909f56bfc062723c751e8b465ee728b)  -> (artifact id: '808564420472c817f30d9669b6a620b9') in 0.024957 seconds 
Number of asset objects unloaded after import = 21
========================================================================
Received Import Request.
  Time since last request: 0.000013 seconds.
  path: Assets/ASTROFISH_GAMES/MEDIEVAL_SERIES/MEDIEVAL_WELLS_PROPS/MODELS/MVillage_SoilBorder_Lrg.FBX
  artifactKey: Guid(be0a75d1d8b5387469700671b5156311) Importer(815301076,1909f56bfc062723c751e8b465ee728b)
Number of updated assets reloaded before import = 0
Start importing Assets/ASTROFISH_GAMES/MEDIEVAL_SERIES/MEDIEVAL_WELLS_PROPS/MODELS/MVillage_SoilBorder_Lrg.FBX using Guid(be0a75d1d8b5387469700671b5156311) Importer(815301076,1909f56bfc062723c751e8b465ee728b)  -> (artifact id: '64fb0c005d8b53515a5be0309b3e7715') in 0.026229 seconds 
Number of asset objects unloaded after import = 21
========================================================================
Received Import Request.
  Time since last request: 0.000013 seconds.
  path: Assets/ASTROFISH_GAMES/MEDIEVAL_SERIES/MEDIEVAL_WELLS_PROPS/MODELS/MVillage_Jar_Sml.FBX
  artifactKey: Guid(526238aa6a2cea540beec3645864b606) Importer(815301076,1909f56bfc062723c751e8b465ee728b)
Number of updated assets reloaded before import = 0
Start importing Assets/ASTROFISH_GAMES/MEDIEVAL_SERIES/MEDIEVAL_WELLS_PROPS/MODELS/MVillage_Jar_Sml.FBX using Guid(526238aa6a2cea540beec3645864b606) Importer(815301076,1909f56bfc062723c751e8b465ee728b)  -> (artifact id: 'b4af5c62c185d4aabcea3213e23cee35') in 0.041460 seconds 
Number of asset objects unloaded after import = 21
========================================================================
Received Import Request.
  Time since last request: 0.000014 seconds.
  path: Assets/ASTROFISH_GAMES/MEDIEVAL_SERIES/MEDIEVAL_WELLS_PROPS/MODELS/MVillage_Driftwood_Sml.FBX
  artifactKey: Guid(42b795e3b9714d24783e667fac4747bc) Importer(815301076,1909f56bfc062723c751e8b465ee728b)
Number of updated assets reloaded before import = 0
Start importing Assets/ASTROFISH_GAMES/MEDIEVAL_SERIES/MEDIEVAL_WELLS_PROPS/MODELS/MVillage_Driftwood_Sml.FBX using Guid(42b795e3b9714d24783e667fac4747bc) Importer(815301076,1909f56bfc062723c751e8b465ee728b)  -> (artifact id: '2b66e138fb78ce8cb6154fb8c5ef0a2a') in 0.023463 seconds 
Number of asset objects unloaded after import = 21
========================================================================
Received Import Request.
  Time since last request: 0.000012 seconds.
  path: Assets/ASTROFISH_GAMES/MEDIEVAL_SERIES/MEDIEVAL_WELLS_PROPS/MODELS/MVillage_Driftwood_Med.FBX
  artifactKey: Guid(5b59f1b06adfda34dbf9a7a37ed8bad1) Importer(815301076,1909f56bfc062723c751e8b465ee728b)
Number of updated assets reloaded before import = 0
Start importing Assets/ASTROFISH_GAMES/MEDIEVAL_SERIES/MEDIEVAL_WELLS_PROPS/MODELS/MVillage_Driftwood_Med.FBX using Guid(5b59f1b06adfda34dbf9a7a37ed8bad1) Importer(815301076,1909f56bfc062723c751e8b465ee728b)  -> (artifact id: 'efe4aeb9180adfbe0a3973bb95741dea') in 0.023215 seconds 
Number of asset objects unloaded after import = 21
========================================================================
Received Import Request.
  Time since last request: 0.000012 seconds.
  path: Assets/ASTROFISH_GAMES/MEDIEVAL_SERIES/MEDIEVAL_WELLS_PROPS/MODELS/MVillage_SoilBorder_Med_Part.FBX
  artifactKey: Guid(ecfaa3a4ee802d4448aa332c80ddf027) Importer(815301076,1909f56bfc062723c751e8b465ee728b)
Number of updated assets reloaded before import = 0
Start importing Assets/ASTROFISH_GAMES/MEDIEVAL_SERIES/MEDIEVAL_WELLS_PROPS/MODELS/MVillage_SoilBorder_Med_Part.FBX using Guid(ecfaa3a4ee802d4448aa332c80ddf027) Importer(815301076,1909f56bfc062723c751e8b465ee728b)  -> (artifact id: '9d46cc92a94a8e24346218ef52aedd12') in 0.023449 seconds 
Number of asset objects unloaded after import = 21
========================================================================
Received Import Request.
  Time since last request: 0.000016 seconds.
  path: Assets/ASTROFISH_GAMES/MEDIEVAL_SERIES/MEDIEVAL_WELLS_PROPS/MODELS/MVillage_Rope_01.FBX
  artifactKey: Guid(bd130f826fe14fc4c931ec2447e4e98c) Importer(815301076,1909f56bfc062723c751e8b465ee728b)
Number of updated assets reloaded before import = 0
Start importing Assets/ASTROFISH_GAMES/MEDIEVAL_SERIES/MEDIEVAL_WELLS_PROPS/MODELS/MVillage_Rope_01.FBX using Guid(bd130f826fe14fc4c931ec2447e4e98c) Importer(815301076,1909f56bfc062723c751e8b465ee728b)  -> (artifact id: '8f960ab66703d9193a0d4ae5fd1d5c21') in 0.023979 seconds 
Number of asset objects unloaded after import = 21
========================================================================
Received Import Request.
  Time since last request: 0.000015 seconds.
  path: Assets/ASTROFISH_GAMES/MEDIEVAL_SERIES/MEDIEVAL_WELLS_PROPS/MODELS/MVillage_TreeTrunk_01.FBX
  artifactKey: Guid(a936e179e3eab5743a32cc19cbdf96f3) Importer(815301076,1909f56bfc062723c751e8b465ee728b)
Number of updated assets reloaded before import = 0
Start importing Assets/ASTROFISH_GAMES/MEDIEVAL_SERIES/MEDIEVAL_WELLS_PROPS/MODELS/MVillage_TreeTrunk_01.FBX using Guid(a936e179e3eab5743a32cc19cbdf96f3) Importer(815301076,1909f56bfc062723c751e8b465ee728b)  -> (artifact id: '46c50cce65f3c2d102d3e782e4f0e68d') in 0.024648 seconds 
Number of asset objects unloaded after import = 21
========================================================================
Received Import Request.
  Time since last request: 0.000021 seconds.
  path: Assets/ASTROFISH_GAMES/MEDIEVAL_SERIES/MEDIEVAL_WELLS_PROPS/MODELS/MVillage_Well_03.FBX
  artifactKey: Guid(73c4523090f10654990f8e0c6d000623) Importer(815301076,1909f56bfc062723c751e8b465ee728b)
Number of updated assets reloaded before import = 0
Start importing Assets/ASTROFISH_GAMES/MEDIEVAL_SERIES/MEDIEVAL_WELLS_PROPS/MODELS/MVillage_Well_03.FBX using Guid(73c4523090f10654990f8e0c6d000623) Importer(815301076,1909f56bfc062723c751e8b465ee728b)  -> (artifact id: '3d20d16205289f816308ac2edf500e12') in 0.024333 seconds 
Number of asset objects unloaded after import = 21
========================================================================
Received Import Request.
  Time since last request: 0.000012 seconds.
  path: Assets/ASTROFISH_GAMES/MEDIEVAL_SERIES/MEDIEVAL_WELLS_PROPS/MODELS/MVillage_PlatformStone_SemiCircle.FBX
  artifactKey: Guid(39c09c7aa82f8e847b39c30146e8be16) Importer(815301076,1909f56bfc062723c751e8b465ee728b)
Number of updated assets reloaded before import = 0
Start importing Assets/ASTROFISH_GAMES/MEDIEVAL_SERIES/MEDIEVAL_WELLS_PROPS/MODELS/MVillage_PlatformStone_SemiCircle.FBX using Guid(39c09c7aa82f8e847b39c30146e8be16) Importer(815301076,1909f56bfc062723c751e8b465ee728b)  -> (artifact id: 'b7bc0a6acdb97dd63c4fe9064911c0d0') in 0.022776 seconds 
Number of asset objects unloaded after import = 21
========================================================================
Received Import Request.
  Time since last request: 0.000012 seconds.
  path: Assets/ASTROFISH_GAMES/MEDIEVAL_SERIES/MEDIEVAL_WELLS_PROPS/MODELS/MVillage_TreeTrunk_02.FBX
  artifactKey: Guid(318952b0f6a462243a200edfe79f5226) Importer(815301076,1909f56bfc062723c751e8b465ee728b)
Number of updated assets reloaded before import = 0
Start importing Assets/ASTROFISH_GAMES/MEDIEVAL_SERIES/MEDIEVAL_WELLS_PROPS/MODELS/MVillage_TreeTrunk_02.FBX using Guid(318952b0f6a462243a200edfe79f5226) Importer(815301076,1909f56bfc062723c751e8b465ee728b)  -> (artifact id: '836e4107da24491ed8a6f8f0b2140412') in 0.027569 seconds 
Number of asset objects unloaded after import = 21
========================================================================
Received Import Request.
  Time since last request: 0.000013 seconds.
  path: Assets/ASTROFISH_GAMES/MEDIEVAL_SERIES/MEDIEVAL_WELLS_PROPS/MODELS/MVillage_CoinGroup_Sml.FBX
  artifactKey: Guid(c4976e91a19ed3b468422043b365f31a) Importer(815301076,1909f56bfc062723c751e8b465ee728b)
Number of updated assets reloaded before import = 0
Start importing Assets/ASTROFISH_GAMES/MEDIEVAL_SERIES/MEDIEVAL_WELLS_PROPS/MODELS/MVillage_CoinGroup_Sml.FBX using Guid(c4976e91a19ed3b468422043b365f31a) Importer(815301076,1909f56bfc062723c751e8b465ee728b)  -> (artifact id: '441c2e0dbc824ed6689a1a760eb0b48f') in 0.022816 seconds 
Number of asset objects unloaded after import = 21
========================================================================
Received Import Request.
  Time since last request: 0.000013 seconds.
  path: Assets/ASTROFISH_GAMES/MEDIEVAL_SERIES/MEDIEVAL_WELLS_PROPS/MODELS/MVillage_Rope_03.FBX
  artifactKey: Guid(4a5dcbaa5744c794e90b443d35f619d5) Importer(815301076,1909f56bfc062723c751e8b465ee728b)
Number of updated assets reloaded before import = 0
Start importing Assets/ASTROFISH_GAMES/MEDIEVAL_SERIES/MEDIEVAL_WELLS_PROPS/MODELS/MVillage_Rope_03.FBX using Guid(4a5dcbaa5744c794e90b443d35f619d5) Importer(815301076,1909f56bfc062723c751e8b465ee728b)  -> (artifact id: 'b556c62ef6fc192115bd68fc3457031f') in 0.023195 seconds 
Number of asset objects unloaded after import = 21
========================================================================
Received Import Request.
  Time since last request: 0.000012 seconds.
  path: Assets/ASTROFISH_GAMES/MEDIEVAL_SERIES/MEDIEVAL_WELLS_PROPS/MODELS/MVillage_WellWall_02_Half_B.FBX
  artifactKey: Guid(245de85dc6f09b34ebb803adccaa6a00) Importer(815301076,1909f56bfc062723c751e8b465ee728b)
Number of updated assets reloaded before import = 0
Start importing Assets/ASTROFISH_GAMES/MEDIEVAL_SERIES/MEDIEVAL_WELLS_PROPS/MODELS/MVillage_WellWall_02_Half_B.FBX using Guid(245de85dc6f09b34ebb803adccaa6a00) Importer(815301076,1909f56bfc062723c751e8b465ee728b)  -> (artifact id: '1e56a448ac8ff800bf1262e9d49496c7') in 0.024851 seconds 
Number of asset objects unloaded after import = 21
========================================================================
Received Import Request.
  Time since last request: 0.000013 seconds.
  path: Assets/ASTROFISH_GAMES/MEDIEVAL_SERIES/MEDIEVAL_WELLS_PROPS/MODELS/MVillage_StoneBlock.FBX
  artifactKey: Guid(abd0ec9592638f94e9677216d7705c76) Importer(815301076,1909f56bfc062723c751e8b465ee728b)
Number of updated assets reloaded before import = 0
Start importing Assets/ASTROFISH_GAMES/MEDIEVAL_SERIES/MEDIEVAL_WELLS_PROPS/MODELS/MVillage_StoneBlock.FBX using Guid(abd0ec9592638f94e9677216d7705c76) Importer(815301076,1909f56bfc062723c751e8b465ee728b)  -> (artifact id: 'b067d446a11deaca8d5df659e1792f3d') in 0.023834 seconds 
Number of asset objects unloaded after import = 20
========================================================================
Received Import Request.
  Time since last request: 0.000013 seconds.
  path: Assets/ASTROFISH_GAMES/MEDIEVAL_SERIES/MEDIEVAL_WELLS_PROPS/MODELS/MVillage_Rope_02.FBX
  artifactKey: Guid(95e61b9541aac4148af07751de18bea5) Importer(815301076,1909f56bfc062723c751e8b465ee728b)
Number of updated assets reloaded before import = 0
Start importing Assets/ASTROFISH_GAMES/MEDIEVAL_SERIES/MEDIEVAL_WELLS_PROPS/MODELS/MVillage_Rope_02.FBX using Guid(95e61b9541aac4148af07751de18bea5) Importer(815301076,1909f56bfc062723c751e8b465ee728b)  -> (artifact id: '18d571772a8198a43331743da2900cf7') in 0.027504 seconds 
Number of asset objects unloaded after import = 21
Editor requested this worker to shutdown with reason: Scaling down because of idle timeout
AssetImportWorker is now disconnected from the server
Process exiting
Exiting without the bug reporter. Application will terminate with return code 0